Using pre-set license
Built from '2022.3/staging' branch; Version is '2022.3.9f1 (ea401c316338) revision 15351836'; Using compiler version '192829333'; Build Type 'Release'
OS: 'Windows 10  (10.0.19045) 64bit Professional' Language: 'es' Physical Memory: 16299 MB
BatchMode: 1, IsHumanControllingUs: 0, StartBugReporterOnCrash: 0, Is64bit: 1, IsPro: 1

COMMAND LINE ARGUMENTS:
C:\Program Files\Unity\Hub\Editor\2022.3.9f1\Editor\Unity.exe
-adb2
-batchMode
-noUpm
-name
AssetImportWorker4
-projectPath
C:/Users/User/My project
-logFile
Logs/AssetImportWorker4.log
-srvPort
4272
Successfully changed project path to: C:/Users/User/My project
C:/Users/User/My project
[UnityMemory] Configuration Parameters - Can be set up in boot.config
    "memorysetup-bucket-allocator-granularity=16"
    "memorysetup-bucket-allocator-bucket-count=8"
    "memorysetup-bucket-allocator-block-size=33554432"
    "memorysetup-bucket-allocator-block-count=8"
    "memorysetup-main-allocator-block-size=16777216"
    "memorysetup-thread-allocator-block-size=16777216"
    "memorysetup-gfx-main-allocator-block-size=16777216"
    "memorysetup-gfx-thread-allocator-block-size=16777216"
    "memorysetup-cache-allocator-block-size=4194304"
    "memorysetup-typetree-allocator-block-size=2097152"
    "memorysetup-profiler-bucket-allocator-granularity=16"
    "memorysetup-profiler-bucket-allocator-bucket-count=8"
    "memorysetup-profiler-bucket-allocator-block-size=33554432"
    "memorysetup-profiler-bucket-allocator-block-count=8"
    "memorysetup-profiler-allocator-block-size=16777216"
    "memorysetup-profiler-editor-allocator-block-size=1048576"
    "memorysetup-temp-allocator-size-main=16777216"
    "memorysetup-job-temp-allocator-block-size=2097152"
    "memorysetup-job-temp-allocator-block-size-background=1048576"
    "memorysetup-job-temp-allocator-reduction-small-platforms=262144"
    "memorysetup-allocator-temp-initial-block-size-main=262144"
    "memorysetup-allocator-temp-initial-block-size-worker=262144"
    "memorysetup-temp-allocator-size-background-worker=32768"
    "memorysetup-temp-allocator-size-job-worker=262144"
    "memorysetup-temp-allocator-size-preload-manager=33554432"
    "memorysetup-temp-allocator-size-nav-mesh-worker=65536"
    "memorysetup-temp-allocator-size-audio-worker=65536"
    "memorysetup-temp-allocator-size-cloud-worker=32768"
    "memorysetup-temp-allocator-size-gi-baking-worker=262144"
    "memorysetup-temp-allocator-size-gfx=262144"
Player connection [21296] Host "[IP] 192.168.18.7 [Port] 0 [Flags] 2 [Guid] 4274247076 [EditorId] 4274247076 [Version] 1048832 [Id] WindowsEditor(7,DESKTOP-6D9U1JT) [Debug] 1 [PackageName] WindowsEditor [ProjectName] Editor" joined multi-casting on [225.0.0.222:54997]...

Player connection [21296] Host "[IP] 192.168.18.7 [Port] 0 [Flags] 2 [Guid] 4274247076 [EditorId] 4274247076 [Version] 1048832 [Id] WindowsEditor(7,DESKTOP-6D9U1JT) [Debug] 1 [PackageName] WindowsEditor [ProjectName] Editor" joined alternative multi-casting on [225.0.0.222:34997]...

[Physics::Module] Initialized MultithreadedJobDispatcher with 11 workers.
Refreshing native plugins compatible for Editor in 18.12 ms, found 4 plugins.
Preloading 0 native plugins for Editor in 0.00 ms.
Initialize engine version: 2022.3.9f1 (ea401c316338)
[Subsystems] Discovering subsystems at path C:/Program Files/Unity/Hub/Editor/2022.3.9f1/Editor/Data/Resources/UnitySubsystems
[Subsystems] Discovering subsystems at path C:/Users/User/My project/Assets
GfxDevice: creating device client; threaded=0; jobified=0
Direct3D:
    Version:  Direct3D 11.0 [level 11.1]
    Renderer: NVIDIA GeForce RTX 3060 Ti (ID=0x2414)
    Vendor:   NVIDIA
    VRAM:     8038 MB
    Driver:   31.0.15.3623
Initialize mono
Mono path[0] = 'C:/Program Files/Unity/Hub/Editor/2022.3.9f1/Editor/Data/Managed'
Mono path[1] = 'C:/Program Files/Unity/Hub/Editor/2022.3.9f1/Editor/Data/MonoBleedingEdge/lib/mono/unityjit-win32'
Mono config path = 'C:/Program Files/Unity/Hub/Editor/2022.3.9f1/Editor/Data/MonoBleedingEdge/etc'
Using monoOptions --debugger-agent=transport=dt_socket,embedding=1,server=y,suspend=n,address=127.0.0.1:56980
Begin MonoManager ReloadAssembly
Registering precompiled unity dll's ...
Register platform support module: C:/Program Files/Unity/Hub/Editor/2022.3.9f1/Editor/Data/PlaybackEngines/WebGLSupport/UnityEditor.WebGL.Extensions.dll
Register platform support module: C:/Program Files/Unity/Hub/Editor/2022.3.9f1/Editor/Data/PlaybackEngines/WindowsStandaloneSupport/UnityEditor.WindowsStandalone.Extensions.dll
Registered in 0.009714 seconds.
- Loaded All Assemblies, in  0.291 seconds
Native extension for WindowsStandalone target not found
Native extension for WebGL target not found
Mono: successfully reloaded assembly
- Finished resetting the current domain, in  0.198 seconds
Domain Reload Profiling: 488ms
	BeginReloadAssembly (96ms)
		ExecutionOrderSort (0ms)
		DisableScriptedObjects (0ms)
		BackupInstance (0ms)
		ReleaseScriptingObjects (0ms)
		CreateAndSetChildDomain (1ms)
	RebuildCommonClasses (26ms)
	RebuildNativeTypeToScriptingClass (8ms)
	initialDomainReloadingComplete (53ms)
	LoadAllAssembliesAndSetupDomain (107ms)
		LoadAssemblies (93ms)
		RebuildTransferFunctionScriptingTraits (0ms)
		AnalyzeDomain (105ms)
			TypeCache.Refresh (103ms)
				TypeCache.ScanAssembly (92ms)
			ScanForSourceGeneratedMonoScriptInfo (0ms)
			ResolveRequiredComponents (0ms)
	FinalizeReload (198ms)
		ReleaseScriptCaches (0ms)
		RebuildScriptCaches (0ms)
		SetupLoadedEditorAssemblies (153ms)
			LogAssemblyErrors (0ms)
			InitializePlatformSupportModulesInManaged (10ms)
			SetLoadedEditorAssemblies (5ms)
			RefreshPlugins (0ms)
			BeforeProcessingInitializeOnLoad (3ms)
			ProcessInitializeOnLoadAttributes (99ms)
			ProcessInitializeOnLoadMethodAttributes (36ms)
			AfterProcessingInitializeOnLoad (0ms)
			EditorAssembliesLoaded (0ms)
		ExecutionOrderSort2 (0ms)
		AwakeInstancesAfterBackupRestoration (0ms)
========================================================================
Worker process is ready to serve import requests
Begin MonoManager ReloadAssembly
- Loaded All Assemblies, in  0.523 seconds
Refreshing native plugins compatible for Editor in 4.40 ms, found 4 plugins.
Native extension for WindowsStandalone target not found
Native extension for WebGL target not found
Package Manager log level set to [2]
[Package Manager] Server::EnsureServerProcessIsRunning -- launch failed, reason: Unity was launched with the -noUpm command-line argument
[Package Manager] UpmClient::Send -- Unable to send message (not connected to UPM process).
[Package Manager] Cannot connect to Unity Package Manager local server
Mono: successfully reloaded assembly
- Finished resetting the current domain, in  0.457 seconds
Domain Reload Profiling: 977ms
	BeginReloadAssembly (121ms)
		ExecutionOrderSort (0ms)
		DisableScriptedObjects (4ms)
		BackupInstance (0ms)
		ReleaseScriptingObjects (0ms)
		CreateAndSetChildDomain (19ms)
	RebuildCommonClasses (26ms)
	RebuildNativeTypeToScriptingClass (8ms)
	initialDomainReloadingComplete (35ms)
	LoadAllAssembliesAndSetupDomain (329ms)
		LoadAssemblies (267ms)
		RebuildTransferFunctionScriptingTraits (0ms)
		AnalyzeDomain (134ms)
			TypeCache.Refresh (113ms)
				TypeCache.ScanAssembly (97ms)
			ScanForSourceGeneratedMonoScriptInfo (16ms)
			ResolveRequiredComponents (3ms)
	FinalizeReload (457ms)
		ReleaseScriptCaches (0ms)
		RebuildScriptCaches (0ms)
		SetupLoadedEditorAssemblies (342ms)
			LogAssemblyErrors (0ms)
			InitializePlatformSupportModulesInManaged (7ms)
			SetLoadedEditorAssemblies (3ms)
			RefreshPlugins (0ms)
			BeforeProcessingInitializeOnLoad (64ms)
			ProcessInitializeOnLoadAttributes (236ms)
			ProcessInitializeOnLoadMethodAttributes (26ms)
			AfterProcessingInitializeOnLoad (7ms)
			EditorAssembliesLoaded (0ms)
		ExecutionOrderSort2 (0ms)
		AwakeInstancesAfterBackupRestoration (5ms)
Launched and connected shader compiler UnityShaderCompiler.exe after 0.04 seconds
Refreshing native plugins compatible for Editor in 4.52 ms, found 4 plugins.
Preloading 0 native plugins for Editor in 0.00 ms.
Unloading 4003 Unused Serialized files (Serialized files now loaded: 0)
Unloading 69 unused Assets / (244.8 KB). Loaded Objects now: 4459.
Memory consumption went from 136.5 MB to 136.3 MB.
Total: 4.151900 ms (FindLiveObjects: 0.315100 ms CreateObjectMapping: 0.334600 ms MarkObjects: 3.321500 ms  DeleteObjects: 0.180000 ms)

AssetImportParameters requested are different than current active one (requested -> active):
  custom:container-demuxer-ogg: 62fdf1f143b41e24485cea50d1cbac27 -> 
  custom:video-decoder-ogg-theora: a1e56fd34408186e4bbccfd4996cb3dc -> 
  custom:framework-win-MediaFoundation: 216162199b28c13a410421893ffa2e32 -> 
  custom:CustomObjectIndexerAttribute: 756ad292c208cfabdd7b50bc23989ffe -> 
  custom:container-demuxer-webm: 4f35f7cbe854078d1ac9338744f61a02 -> 
  custom:container-muxer-webm: aa71ff27fc2769a1b78a27578f13a17b -> 
  custom:video-decoder-webm-vp8: 9c59270c3fd7afecdb556c50c9e8de78 -> 
  custom:SearchIndexIgnoredProperties: e643bd26f0fe6173181afceb89e7c659 -> 
  custom:AudioImporter_EditorPlatform: d09bf68614088b80899f8185d706f6e7 -> 
  custom:video-encoder-webm-vp8: eb34c28f22e8b96e1ab97ce403110664 -> 
  custom:audio-decoder-ogg-vorbis: bf7c407c2cedff20999df2af8eb42d56 -> 
  custom:audio-encoder-webm-vorbis: bf7c407c2cedff20999df2af8eb42d56 -> 
========================================================================
Received Import Request.
  Time since last request: 359875.371722 seconds.
  path: Assets/Sprites/Median.png
  artifactKey: Guid(063b14f53cd9e744fa1d7999482340d1) Importer(815301076,1909f56bfc062723c751e8b465ee728b)
Start importing Assets/Sprites/Median.png using Guid(063b14f53cd9e744fa1d7999482340d1) Importer(815301076,1909f56bfc062723c751e8b465ee728b)  -> (artifact id: '9f7fe4d51d96b5d7f75815aab7c5620d') in 0.076724 seconds
Number of updated asset objects reloaded before import = 0
Number of asset objects unloaded after import = 3
========================================================================
Received Import Request.
  Time since last request: 0.904880 seconds.
  path: Assets/Sprites/Median.png
  artifactKey: Guid(063b14f53cd9e744fa1d7999482340d1) Importer(2089858483,0ecaa5967403d082aa24f35e1b516d23)
Start importing Assets/Sprites/Median.png using Guid(063b14f53cd9e744fa1d7999482340d1) Importer(2089858483,0ecaa5967403d082aa24f35e1b516d23) Generated GUIDs only implemented for interfaces!
 -> (artifact id: '02c58806e44ee55f0af61d6e4a88d9e0') in 0.110051 seconds
Number of updated asset objects reloaded before import = 0
Number of asset objects unloaded after import = 3
========================================================================
Received Import Request.
  Time since last request: 360.646407 seconds.
  path: Assets/New Folder
  artifactKey: Guid(bf946329e557b1e4cb251885c62bd4d5) Importer(2089858483,0ecaa5967403d082aa24f35e1b516d23)
Start importing Assets/New Folder using Guid(bf946329e557b1e4cb251885c62bd4d5) Importer(2089858483,0ecaa5967403d082aa24f35e1b516d23) Generated GUIDs only implemented for interfaces!
 -> (artifact id: '2ce67977bf0d9c702b1f0ac205b0f046') in 0.008185 seconds
Number of updated asset objects reloaded before import = 0
Number of asset objects unloaded after import = 1
========================================================================
Received Import Request.
  Time since last request: 4.261601 seconds.
  path: Assets/New Folder
  artifactKey: Guid(bf946329e557b1e4cb251885c62bd4d5) Importer(815301076,1909f56bfc062723c751e8b465ee728b)
Start importing Assets/New Folder using Guid(bf946329e557b1e4cb251885c62bd4d5) Importer(815301076,1909f56bfc062723c751e8b465ee728b)  -> (artifact id: '1d1679fb80e69ae519af954249c6b581') in 0.000447 seconds
Number of updated asset objects reloaded before import = 0
Number of asset objects unloaded after import = 0
========================================================================
Received Import Request.
  Time since last request: 15.636928 seconds.
  path: Assets/cod. objetos
  artifactKey: Guid(bf946329e557b1e4cb251885c62bd4d5) Importer(815301076,1909f56bfc062723c751e8b465ee728b)
Start importing Assets/cod. objetos using Guid(bf946329e557b1e4cb251885c62bd4d5) Importer(815301076,1909f56bfc062723c751e8b465ee728b)  -> (artifact id: '2441b5952c07f5ef7de63dfa8bd0f268') in 0.000465 seconds
Number of updated asset objects reloaded before import = 0
Number of asset objects unloaded after import = 0
========================================================================
Received Import Request.
  Time since last request: 0.979514 seconds.
  path: Assets/cod. objetos
  artifactKey: Guid(bf946329e557b1e4cb251885c62bd4d5) Importer(2089858483,0ecaa5967403d082aa24f35e1b516d23)
Start importing Assets/cod. objetos using Guid(bf946329e557b1e4cb251885c62bd4d5) Importer(2089858483,0ecaa5967403d082aa24f35e1b516d23) Generated GUIDs only implemented for interfaces!
 -> (artifact id: '7918f1cf091d57ad7916284d23ec94d6') in 0.007029 seconds
Number of updated asset objects reloaded before import = 0
Number of asset objects unloaded after import = 1
========================================================================
Received Import Request.
  Time since last request: 16.482492 seconds.
  path: Assets/cod. objetos/Car1.prefab
  artifactKey: Guid(3f4fe03bf5fe0d64fad9f81f2f9ef309) Importer(815301076,1909f56bfc062723c751e8b465ee728b)
Start importing Assets/cod. objetos/Car1.prefab using Guid(3f4fe03bf5fe0d64fad9f81f2f9ef309) Importer(815301076,1909f56bfc062723c751e8b465ee728b)  -> (artifact id: 'a2d82b71442cfc85ed44e3778d59a406') in 0.057811 seconds
Number of updated asset objects reloaded before import = 0
Number of asset objects unloaded after import = 8
========================================================================
Received Import Request.
  Time since last request: 0.910115 seconds.
  path: Assets/cod. objetos/Car1.prefab
  artifactKey: Guid(3f4fe03bf5fe0d64fad9f81f2f9ef309) Importer(2089858483,0ecaa5967403d082aa24f35e1b516d23)
Start importing Assets/cod. objetos/Car1.prefab using Guid(3f4fe03bf5fe0d64fad9f81f2f9ef309) Importer(2089858483,0ecaa5967403d082aa24f35e1b516d23) Generated GUIDs only implemented for interfaces!
 -> (artifact id: 'c6cc18241ff398af0c09c57332fcac83') in 0.020256 seconds
Number of updated asset objects reloaded before import = 0
Number of asset objects unloaded after import = 8
========================================================================
Received Import Request.
  Time since last request: 208.713362 seconds.
  path: Assets/Scenes
  artifactKey: Guid(1affa49a339203f4c8176dfec9e7ab6e) Importer(815301076,1909f56bfc062723c751e8b465ee728b)
Start importing Assets/Scenes using Guid(1affa49a339203f4c8176dfec9e7ab6e) Importer(815301076,1909f56bfc062723c751e8b465ee728b)  -> (artifact id: '818370c99d215c5a866ed262af72c26a') in 0.000403 seconds
Number of updated asset objects reloaded before import = 0
Number of asset objects unloaded after import = 0
========================================================================
Received Import Request.
  Time since last request: 41.756147 seconds.
  path: Assets/cod. objetos/Car2 (1).prefab
  artifactKey: Guid(08e966962af10cf4b9e0e77dcaceb814) Importer(815301076,1909f56bfc062723c751e8b465ee728b)
Start importing Assets/cod. objetos/Car2 (1).prefab using Guid(08e966962af10cf4b9e0e77dcaceb814) Importer(815301076,1909f56bfc062723c751e8b465ee728b)  -> (artifact id: '931a29ff7cdc3809bbac2f7ecced1c19') in 0.009740 seconds
Number of updated asset objects reloaded before import = 0
Number of asset objects unloaded after import = 8
========================================================================
Received Import Request.
  Time since last request: 0.975798 seconds.
  path: Assets/cod. objetos/Car2 (1).prefab
  artifactKey: Guid(08e966962af10cf4b9e0e77dcaceb814) Importer(2089858483,0ecaa5967403d082aa24f35e1b516d23)
Start importing Assets/cod. objetos/Car2 (1).prefab using Guid(08e966962af10cf4b9e0e77dcaceb814) Importer(2089858483,0ecaa5967403d082aa24f35e1b516d23) Generated GUIDs only implemented for interfaces!
 -> (artifact id: '9e58c31247c08e8b5457f8b50822eb10') in 0.011594 seconds
Number of updated asset objects reloaded before import = 0
Number of asset objects unloaded after import = 8
========================================================================
Received Import Request.
  Time since last request: 177.001860 seconds.
  path: Assets/cod. objetos/Car3.prefab
  artifactKey: Guid(ee7a7aadb790cb94a89caedb48886a79) Importer(815301076,1909f56bfc062723c751e8b465ee728b)
Start importing Assets/cod. objetos/Car3.prefab using Guid(ee7a7aadb790cb94a89caedb48886a79) Importer(815301076,1909f56bfc062723c751e8b465ee728b)  -> (artifact id: '18d812ae65eca2b3b2249759164413da') in 0.015155 seconds
Number of updated asset objects reloaded before import = 0
Number of asset objects unloaded after import = 8
========================================================================
Received Import Request.
  Time since last request: 0.969279 seconds.
  path: Assets/cod. objetos/Car3.prefab
  artifactKey: Guid(ee7a7aadb790cb94a89caedb48886a79) Importer(2089858483,0ecaa5967403d082aa24f35e1b516d23)
Start importing Assets/cod. objetos/Car3.prefab using Guid(ee7a7aadb790cb94a89caedb48886a79) Importer(2089858483,0ecaa5967403d082aa24f35e1b516d23) Generated GUIDs only implemented for interfaces!
 -> (artifact id: '852472f2bb37b95b932fa9da79ad2ca2') in 0.013687 seconds
Number of updated asset objects reloaded before import = 0
Number of asset objects unloaded after import = 8
========================================================================
Received Import Request.
  Time since last request: 109.998485 seconds.
  path: Assets/cod. objetos/Car1.prefab
  artifactKey: Guid(3f4fe03bf5fe0d64fad9f81f2f9ef309) Importer(815301076,1909f56bfc062723c751e8b465ee728b)
Start importing Assets/cod. objetos/Car1.prefab using Guid(3f4fe03bf5fe0d64fad9f81f2f9ef309) Importer(815301076,1909f56bfc062723c751e8b465ee728b)  -> (artifact id: 'afb8aceb8dc94b5df5aab545718d3a13') in 0.008881 seconds
Number of updated asset objects reloaded before import = 0
Number of asset objects unloaded after import = 8
========================================================================
Received Import Request.
  Time since last request: 0.974012 seconds.
  path: Assets/cod. objetos/Car1.prefab
  artifactKey: Guid(3f4fe03bf5fe0d64fad9f81f2f9ef309) Importer(2089858483,0ecaa5967403d082aa24f35e1b516d23)
Start importing Assets/cod. objetos/Car1.prefab using Guid(3f4fe03bf5fe0d64fad9f81f2f9ef309) Importer(2089858483,0ecaa5967403d082aa24f35e1b516d23) Generated GUIDs only implemented for interfaces!
 -> (artifact id: '70bb84cfcdb0b283b7b700a393c6765f') in 0.010762 seconds
Number of updated asset objects reloaded before import = 0
Number of asset objects unloaded after import = 8
========================================================================
Received Import Request.
  Time since last request: 13.821138 seconds.
  path: Assets/cod. objetos/Car3.prefab
  artifactKey: Guid(ee7a7aadb790cb94a89caedb48886a79) Importer(815301076,1909f56bfc062723c751e8b465ee728b)
Start importing Assets/cod. objetos/Car3.prefab using Guid(ee7a7aadb790cb94a89caedb48886a79) Importer(815301076,1909f56bfc062723c751e8b465ee728b)  -> (artifact id: '95c39d64ca6a9e5b847ad0384aa344a6') in 0.004496 seconds
Number of updated asset objects reloaded before import = 0
Number of asset objects unloaded after import = 8
========================================================================
Received Import Request.
  Time since last request: 118.153568 seconds.
  path: Assets/cod. objetos/Car3.prefab
  artifactKey: Guid(ee7a7aadb790cb94a89caedb48886a79) Importer(815301076,1909f56bfc062723c751e8b465ee728b)
Start importing Assets/cod. objetos/Car3.prefab using Guid(ee7a7aadb790cb94a89caedb48886a79) Importer(815301076,1909f56bfc062723c751e8b465ee728b)  -> (artifact id: '039d013033c023378efbc30c6275a86d') in 0.009259 seconds
Number of updated asset objects reloaded before import = 0
Number of asset objects unloaded after import = 7
========================================================================
Received Import Request.
  Time since last request: 0.978526 seconds.
  path: Assets/cod. objetos/Car3.prefab
  artifactKey: Guid(ee7a7aadb790cb94a89caedb48886a79) Importer(2089858483,0ecaa5967403d082aa24f35e1b516d23)
Start importing Assets/cod. objetos/Car3.prefab using Guid(ee7a7aadb790cb94a89caedb48886a79) Importer(2089858483,0ecaa5967403d082aa24f35e1b516d23) Generated GUIDs only implemented for interfaces!
 -> (artifact id: '4a4244292b9afc04bb0cf2cebb6eefca') in 0.009781 seconds
Number of updated asset objects reloaded before import = 0
Number of asset objects unloaded after import = 7
========================================================================
Received Import Request.
  Time since last request: 54.559973 seconds.
  path: Assets/cod. objetos/Car3.prefab
  artifactKey: Guid(ee7a7aadb790cb94a89caedb48886a79) Importer(815301076,1909f56bfc062723c751e8b465ee728b)
Start importing Assets/cod. objetos/Car3.prefab using Guid(ee7a7aadb790cb94a89caedb48886a79) Importer(815301076,1909f56bfc062723c751e8b465ee728b)  -> (artifact id: '0c3f95421ef1bbb0620ce4b99fc2aab4') in 0.004876 seconds
Number of updated asset objects reloaded before import = 0
Number of asset objects unloaded after import = 8
========================================================================
Received Import Request.
  Time since last request: 0.977613 seconds.
  path: Assets/cod. objetos/Car3.prefab
  artifactKey: Guid(ee7a7aadb790cb94a89caedb48886a79) Importer(2089858483,0ecaa5967403d082aa24f35e1b516d23)
Start importing Assets/cod. objetos/Car3.prefab using Guid(ee7a7aadb790cb94a89caedb48886a79) Importer(2089858483,0ecaa5967403d082aa24f35e1b516d23) Generated GUIDs only implemented for interfaces!
 -> (artifact id: '0322909da67fa5b6bff605a166806dbf') in 0.010249 seconds
Number of updated asset objects reloaded before import = 0
Number of asset objects unloaded after import = 8
========================================================================
Received Import Request.
  Time since last request: 1.294381 seconds.
  path: Assets/cod. objetos/Car3.prefab
  artifactKey: Guid(ee7a7aadb790cb94a89caedb48886a79) Importer(815301076,1909f56bfc062723c751e8b465ee728b)
Start importing Assets/cod. objetos/Car3.prefab using Guid(ee7a7aadb790cb94a89caedb48886a79) Importer(815301076,1909f56bfc062723c751e8b465ee728b)  -> (artifact id: '49644d079d2bc639c44ac67086f70fb2') in 0.004752 seconds
Number of updated asset objects reloaded before import = 0
Number of asset objects unloaded after import = 8
========================================================================
Received Import Request.
  Time since last request: 0.978201 seconds.
  path: Assets/cod. objetos/Car3.prefab
  artifactKey: Guid(ee7a7aadb790cb94a89caedb48886a79) Importer(2089858483,0ecaa5967403d082aa24f35e1b516d23)
Start importing Assets/cod. objetos/Car3.prefab using Guid(ee7a7aadb790cb94a89caedb48886a79) Importer(2089858483,0ecaa5967403d082aa24f35e1b516d23) Generated GUIDs only implemented for interfaces!
 -> (artifact id: '71ec6ccd9ff90152c7eb7d08556d832f') in 0.009479 seconds
Number of updated asset objects reloaded before import = 0
Number of asset objects unloaded after import = 8
========================================================================
Received Import Request.
  Time since last request: 58.538624 seconds.
  path: Assets/cod. objetos/Car3.prefab
  artifactKey: Guid(ee7a7aadb790cb94a89caedb48886a79) Importer(815301076,1909f56bfc062723c751e8b465ee728b)
Start importing Assets/cod. objetos/Car3.prefab using Guid(ee7a7aadb790cb94a89caedb48886a79) Importer(815301076,1909f56bfc062723c751e8b465ee728b)  -> (artifact id: 'c607157c5a43ecaef59890e5ccb480c8') in 0.005455 seconds
Number of updated asset objects reloaded before import = 0
Number of asset objects unloaded after import = 8
========================================================================
Received Import Request.
  Time since last request: 0.974986 seconds.
  path: Assets/cod. objetos/Car3.prefab
  artifactKey: Guid(ee7a7aadb790cb94a89caedb48886a79) Importer(2089858483,0ecaa5967403d082aa24f35e1b516d23)
Start importing Assets/cod. objetos/Car3.prefab using Guid(ee7a7aadb790cb94a89caedb48886a79) Importer(2089858483,0ecaa5967403d082aa24f35e1b516d23) Generated GUIDs only implemented for interfaces!
 -> (artifact id: '91e6c5a818e691b4c4f7d4cd7e6a36e9') in 0.014946 seconds
Number of updated asset objects reloaded before import = 0
Number of asset objects unloaded after import = 8
========================================================================
Received Import Request.
  Time since last request: 58.021506 seconds.
  path: Assets/cod. objetos/Car4.prefab
  artifactKey: Guid(7e36d05d102c80645a50e469ba04ad1c) Importer(815301076,1909f56bfc062723c751e8b465ee728b)
Start importing Assets/cod. objetos/Car4.prefab using Guid(7e36d05d102c80645a50e469ba04ad1c) Importer(815301076,1909f56bfc062723c751e8b465ee728b)  -> (artifact id: '82a50ba3dccbad811f68b93164e9a89d') in 0.010345 seconds
Number of updated asset objects reloaded before import = 0
Number of asset objects unloaded after import = 7
========================================================================
Received Import Request.
  Time since last request: 0.976050 seconds.
  path: Assets/cod. objetos/Car4.prefab
  artifactKey: Guid(7e36d05d102c80645a50e469ba04ad1c) Importer(2089858483,0ecaa5967403d082aa24f35e1b516d23)
Start importing Assets/cod. objetos/Car4.prefab using Guid(7e36d05d102c80645a50e469ba04ad1c) Importer(2089858483,0ecaa5967403d082aa24f35e1b516d23) Generated GUIDs only implemented for interfaces!
 -> (artifact id: '4979046b35d1f47578b8aa80cd981eb0') in 0.009726 seconds
Number of updated asset objects reloaded before import = 0
Number of asset objects unloaded after import = 7
========================================================================
Received Import Request.
  Time since last request: 65.380935 seconds.
  path: Assets/cod. objetos/Car4.prefab
  artifactKey: Guid(7e36d05d102c80645a50e469ba04ad1c) Importer(815301076,1909f56bfc062723c751e8b465ee728b)
Start importing Assets/cod. objetos/Car4.prefab using Guid(7e36d05d102c80645a50e469ba04ad1c) Importer(815301076,1909f56bfc062723c751e8b465ee728b)  -> (artifact id: 'ace173fb45409a2418b90ce255fce48d') in 0.005136 seconds
Number of updated asset objects reloaded before import = 0
Number of asset objects unloaded after import = 8
========================================================================
Received Import Request.
  Time since last request: 0.975710 seconds.
  path: Assets/cod. objetos/Car4.prefab
  artifactKey: Guid(7e36d05d102c80645a50e469ba04ad1c) Importer(2089858483,0ecaa5967403d082aa24f35e1b516d23)
Start importing Assets/cod. objetos/Car4.prefab using Guid(7e36d05d102c80645a50e469ba04ad1c) Importer(2089858483,0ecaa5967403d082aa24f35e1b516d23) Generated GUIDs only implemented for interfaces!
 -> (artifact id: 'ba58fc2cc6f4406d6460e60b27961750') in 0.010431 seconds
Number of updated asset objects reloaded before import = 0
Number of asset objects unloaded after import = 8
========================================================================
Received Import Request.
  Time since last request: 0.082951 seconds.
  path: Assets/cod. objetos/Car4.prefab
  artifactKey: Guid(7e36d05d102c80645a50e469ba04ad1c) Importer(815301076,1909f56bfc062723c751e8b465ee728b)
Start importing Assets/cod. objetos/Car4.prefab using Guid(7e36d05d102c80645a50e469ba04ad1c) Importer(815301076,1909f56bfc062723c751e8b465ee728b)  -> (artifact id: 'b24677efdca3d6718091b04f8b950eda') in 0.004849 seconds
Number of updated asset objects reloaded before import = 0
Number of asset objects unloaded after import = 8
========================================================================
Received Import Request.
  Time since last request: 9.912484 seconds.
  path: Assets/cod. objetos/Car4.prefab
  artifactKey: Guid(7e36d05d102c80645a50e469ba04ad1c) Importer(2089858483,0ecaa5967403d082aa24f35e1b516d23)
Start importing Assets/cod. objetos/Car4.prefab using Guid(7e36d05d102c80645a50e469ba04ad1c) Importer(2089858483,0ecaa5967403d082aa24f35e1b516d23) Generated GUIDs only implemented for interfaces!
 -> (artifact id: '6b3013eaca641f4ca1bf4f55d141582b') in 0.009435 seconds
Number of updated asset objects reloaded before import = 0
Number of asset objects unloaded after import = 8
========================================================================
Received Import Request.
  Time since last request: 34.525685 seconds.
  path: Assets/cod. objetos/Car5.prefab
  artifactKey: Guid(0b8f998374490ff4f9315b26f992cac0) Importer(815301076,1909f56bfc062723c751e8b465ee728b)
Start importing Assets/cod. objetos/Car5.prefab using Guid(0b8f998374490ff4f9315b26f992cac0) Importer(815301076,1909f56bfc062723c751e8b465ee728b)  -> (artifact id: '7e41b38d999bbbb35315419ecddac465') in 0.009309 seconds
Number of updated asset objects reloaded before import = 0
Number of asset objects unloaded after import = 7
========================================================================
Received Import Request.
  Time since last request: 0.976111 seconds.
  path: Assets/cod. objetos/Car5.prefab
  artifactKey: Guid(0b8f998374490ff4f9315b26f992cac0) Importer(2089858483,0ecaa5967403d082aa24f35e1b516d23)
Start importing Assets/cod. objetos/Car5.prefab using Guid(0b8f998374490ff4f9315b26f992cac0) Importer(2089858483,0ecaa5967403d082aa24f35e1b516d23) Generated GUIDs only implemented for interfaces!
 -> (artifact id: '42caf39b71be7d4fc1fda5bb037b78ce') in 0.010121 seconds
Number of updated asset objects reloaded before import = 0
Number of asset objects unloaded after import = 7
========================================================================
Received Import Request.
  Time since last request: 181.274248 seconds.
  path: Assets/cod. objetos/Car5.prefab
  artifactKey: Guid(0b8f998374490ff4f9315b26f992cac0) Importer(815301076,1909f56bfc062723c751e8b465ee728b)
Start importing Assets/cod. objetos/Car5.prefab using Guid(0b8f998374490ff4f9315b26f992cac0) Importer(815301076,1909f56bfc062723c751e8b465ee728b)  -> (artifact id: '4490efdd46060e8349ab5eb102d9982e') in 0.005118 seconds
Number of updated asset objects reloaded before import = 0
Number of asset objects unloaded after import = 7
========================================================================
Received Import Request.
  Time since last request: 0.977482 seconds.
  path: Assets/cod. objetos/Car5.prefab
  artifactKey: Guid(0b8f998374490ff4f9315b26f992cac0) Importer(2089858483,0ecaa5967403d082aa24f35e1b516d23)
Start importing Assets/cod. objetos/Car5.prefab using Guid(0b8f998374490ff4f9315b26f992cac0) Importer(2089858483,0ecaa5967403d082aa24f35e1b516d23) Generated GUIDs only implemented for interfaces!
 -> (artifact id: '92436087e2178a2e578ff75c91a929a9') in 0.010196 seconds
Number of updated asset objects reloaded before import = 0
Number of asset objects unloaded after import = 7
========================================================================
Received Import Request.
  Time since last request: 31.289832 seconds.
  path: Assets/cod. objetos/Car4.prefab
  artifactKey: Guid(7e36d05d102c80645a50e469ba04ad1c) Importer(815301076,1909f56bfc062723c751e8b465ee728b)
Start importing Assets/cod. objetos/Car4.prefab using Guid(7e36d05d102c80645a50e469ba04ad1c) Importer(815301076,1909f56bfc062723c751e8b465ee728b)  -> (artifact id: '87d763e9714b04ce45655d331bc2d5c4') in 0.005077 seconds
Number of updated asset objects reloaded before import = 0
Number of asset objects unloaded after import = 8
========================================================================
Received Import Request.
  Time since last request: 0.978139 seconds.
  path: Assets/cod. objetos/Car4.prefab
  artifactKey: Guid(7e36d05d102c80645a50e469ba04ad1c) Importer(2089858483,0ecaa5967403d082aa24f35e1b516d23)
Start importing Assets/cod. objetos/Car4.prefab using Guid(7e36d05d102c80645a50e469ba04ad1c) Importer(2089858483,0ecaa5967403d082aa24f35e1b516d23) Generated GUIDs only implemented for interfaces!
 -> (artifact id: 'fe7ebcc1d49ad07a3655fecc8618140c') in 0.009629 seconds
Number of updated asset objects reloaded before import = 0
Number of asset objects unloaded after import = 8
========================================================================
Received Prepare
Begin MonoManager ReloadAssembly
- Loaded All Assemblies, in  0.592 seconds
Refreshing native plugins compatible for Editor in 7.01 ms, found 4 plugins.
Native extension for WindowsStandalone target not found
Native extension for WebGL target not found
[Package Manager] Server::EnsureServerProcessIsRunning -- launch failed, reason: Unity was launched with the -noUpm command-line argument
[Package Manager] UpmClient::Send -- Unable to send message (not connected to UPM process).
[Package Manager] Cannot connect to Unity Package Manager local server
Mono: successfully reloaded assembly
- Finished resetting the current domain, in  1.220 seconds
Domain Reload Profiling: 1808ms
	BeginReloadAssembly (207ms)
		ExecutionOrderSort (0ms)
		DisableScriptedObjects (11ms)
		BackupInstance (0ms)
		ReleaseScriptingObjects (0ms)
		CreateAndSetChildDomain (59ms)
	RebuildCommonClasses (33ms)
	RebuildNativeTypeToScriptingClass (9ms)
	initialDomainReloadingComplete (44ms)
	LoadAllAssembliesAndSetupDomain (294ms)
		LoadAssemblies (380ms)
		RebuildTransferFunctionScriptingTraits (0ms)
		AnalyzeDomain (16ms)
			TypeCache.Refresh (11ms)
				TypeCache.ScanAssembly (0ms)
			ScanForSourceGeneratedMonoScriptInfo (0ms)
			ResolveRequiredComponents (4ms)
	FinalizeReload (1220ms)
		ReleaseScriptCaches (0ms)
		RebuildScriptCaches (0ms)
		SetupLoadedEditorAssemblies (415ms)
			LogAssemblyErrors (0ms)
			InitializePlatformSupportModulesInManaged (11ms)
			SetLoadedEditorAssemblies (3ms)
			RefreshPlugins (0ms)
			BeforeProcessingInitializeOnLoad (84ms)
			ProcessInitializeOnLoadAttributes (276ms)
			ProcessInitializeOnLoadMethodAttributes (30ms)
			AfterProcessingInitializeOnLoad (10ms)
			EditorAssembliesLoaded (0ms)
		ExecutionOrderSort2 (0ms)
		AwakeInstancesAfterBackupRestoration (14ms)
Refreshing native plugins compatible for Editor in 6.05 ms, found 4 plugins.
Preloading 0 native plugins for Editor in 0.00 ms.
Unloading 3997 Unused Serialized files (Serialized files now loaded: 0)
Unloading 41 unused Assets / (216.8 KB). Loaded Objects now: 4476.
Memory consumption went from 139.4 MB to 139.2 MB.
Total: 5.574100 ms (FindLiveObjects: 0.320100 ms CreateObjectMapping: 0.270000 ms MarkObjects: 4.715100 ms  DeleteObjects: 0.268200 ms)

Prepare: number of updated asset objects reloaded= 0
AssetImportParameters requested are different than current active one (requested -> active):
  custom:container-demuxer-ogg: 62fdf1f143b41e24485cea50d1cbac27 -> 
  custom:video-decoder-ogg-theora: a1e56fd34408186e4bbccfd4996cb3dc -> 
  custom:framework-win-MediaFoundation: 216162199b28c13a410421893ffa2e32 -> 
  custom:CustomObjectIndexerAttribute: 756ad292c208cfabdd7b50bc23989ffe -> 
  custom:container-demuxer-webm: 4f35f7cbe854078d1ac9338744f61a02 -> 
  custom:container-muxer-webm: aa71ff27fc2769a1b78a27578f13a17b -> 
  custom:video-decoder-webm-vp8: 9c59270c3fd7afecdb556c50c9e8de78 -> 
  custom:SearchIndexIgnoredProperties: e643bd26f0fe6173181afceb89e7c659 -> 
  custom:AudioImporter_EditorPlatform: d09bf68614088b80899f8185d706f6e7 -> 
  custom:video-encoder-webm-vp8: eb34c28f22e8b96e1ab97ce403110664 -> 
  custom:audio-decoder-ogg-vorbis: bf7c407c2cedff20999df2af8eb42d56 -> 
  custom:audio-encoder-webm-vorbis: bf7c407c2cedff20999df2af8eb42d56 -> 
